<?xml version="1.0" encoding="UTF-8"?>
<!-- Generated by org.testng.reporters.JUnitReportReporter -->
<testsuite hostname="macmini.local" name="SFDCLogin" tests="1" failures="0" timestamp="25 Feb 2020 20:52:16 GMT" time="15.605" errors="0">
  <testcase name="LoginToSF2" time="15.605" classname="SFDCLogin"/>
</testsuite> <!-- SFDCLogin -->
